﻿C160064-037B381A#
C160064-037B381A#sh ver
Arista DCS-7280CR3-32D4-F
Hardware version: 12.30
Serial number: JPA2409P250
Hardware MAC address: a43f.6873.5f9d
System MAC address: a43f.6873.5f9d

Software image version: 4.31.5M
Architecture: x86_64
Internal build version: 4.31.5M-38783521.4315M
Internal build ID: 5e011820-9e64-438a-890f-5626fe5d62a6
Image format version: 3.0
Image optimization: Default

Uptime: 16 hours and 39 minutes
Total memory: 8099732 kB
Free memory: 4563664 kB

C160064-037B381A#
C160064-037B381A#
C160064-037B381A#sh mod
  module  not supported on this hardware platform

C160064-037B381A#sh mod
% Unavailable command (not supported on this hardware platform)
C160064-037B381A#sh inventory 
System information
  Model                   
  ------------------------
  DCS-7280CR3-32D4        

  Description                                             
  --------------------------------------------------------
  32x100GbE (QSFP100) & 4x400GbE (QSFP-DD) Ethernet Switch

  HW Version  Serial Number  Mfg Date   Epoch
  ----------- -------------- ---------- -----
  12.30       JPA2409P250    2024-03-04 01.00

System has 2 power supply slots
  Slot Model            Serial Number   
  ---- ---------------- ----------------
  1    PWR-1011-AC-RED  6A00101033495KM 
  2    PWR-1011-AC-RED  6A0010103349263 

System has 3 fan modules
  Module  Number of Fans  Model            Serial Number   
  ------- --------------- ---------------- ----------------
  1       2               FAN-7011H-F      N/A             
  2       2               FAN-7011H-F      N/A             
  3       2               FAN-7011H-F      N/A             

System has 129 ports
  Type               Count
  ------------------ ----
  Management         1   
  Switched           124 
  SwitchedBootstrap  4   

System has 36 switched transceiver slots
  Port Manufacturer     Model            Serial Number    Rev 
  ---- ---------------- ---------------- ---------------- ----
  1    Not Present                                            
  2    Not Present                                            
  3    Not Present                                            
  4    Not Present                                            
  5    Not Present                                            
  6    Not Present                                            
  7    Not Present                                            
  8    Not Present                                            
  9    Not Present                                            
  10   Not Present                                            
  11   Not Present                                            
  12   Not Present                                            
  13   Not Present                                            
  14   Not Present                                            
  15   Not Present                                            
  16   Not Present                                            
  17   Not Present                                            
  18   Not Present                                            
  19   Not Present                                            
  20   Not Present                                            
  21   Not Present                                            
  22   Not Present                                            
  23   Not Present                                            
  24   Not Present                                            
  25   Not Present                                            
  26   Not Present                                            
  27   Not Present                                            
  28   Not Present                                            
  29   Not Present                                            
  30   Not Present                                            
  31   Not Present                                            
  32   Not Present                                            
  33   Not Present                                            
  34   Not Present                                            
  35   Not Present                                            
  36   Not Present                                            

System has 1 storage device
  Mount      Type Model          Serial Number Rev Size (GB)
  ---------- ---- -------------- ------------- --- ---------
  /mnt/flash eMMC Toshiba 016GB0 d1eaa64a      0.0 8        

C160064-037B381A#
C160064-037B381A#
C160064-037B381A#sh ip int brief
                                                                        Address
Interface       IP Address           Status    Protocol           MTU   Owner  
--------------- -------------------- --------- -------------- --------- -------
Ethernet1/1     100.83.93.37/31      down      notpresent        1500          
Ethernet2/1     100.83.93.39/31      down      notpresent        1500          
Ethernet3/1     100.83.93.41/31      down      notpresent        1500          
Ethernet4/1     100.83.93.43/31      down      notpresent        1500          
Ethernet5/1     100.83.93.53/31      down      notpresent        1500          
Ethernet6/1     100.83.93.55/31      down      notpresent        1500          
Ethernet7/1     100.83.93.57/31      down      notpresent        1500          
Ethernet8/1     100.83.93.59/31      down      notpresent        1500          
Ethernet27/1    100.83.93.13/31      down      notpresent        1500          
Ethernet28/1    100.83.93.15/31      down      notpresent        1500          
Ethernet29/1    100.83.93.17/31      down      notpresent        1500          
Ethernet30/1    100.83.93.19/31      down      notpresent        1500          
Ethernet33/1    100.83.93.25/31      down      notpresent        1500          
Ethernet34/1    100.83.93.27/31      down      notpresent        1500          
Loopback0       169.27.195.71/32     up        up               65535          
Management1     10.176.143.167/27    up        up                1500          

C160064-037B381A#
C160064-037B381A#
C160064-037B381A#
C160064-037B381A#
C160064-037B381A#
C160064-037B381A#sh run
! Command: show running-config
! device: C160064-037B381A (DCS-7280CR3-32D4, EOS-4.31.5M)
!
! boot system flash:/EOS64-4.31.5M.swi
!
no aaa root
!
username admin privilege 15 role network-admin secret sha512 $6$eucN5ngreuExDgwS$xnD7T8jO..GBDX0DUlp.hn.W7yW94xTjSanqgaQGBzPIhDAsyAl9N4oScHvOMvf07uVBFI4mKMxwdVEUVKgY/.
username avnetuser privilege 0 role network-user secret sha512 $6$l7sHbz6mxuq6peq0$FQjHbRIfcZrdI1Cw7Qs4HhUbFbzmUa.dTleGY95TgzEJgNvHh/TlhzCClknEk634p5nQHn/RFBEjebebU4jxd.
username providius privilege 7 role network-operator secret sha512 $6$BQgcQzmXutC8.k0U$w5Ly4dFtFe9KUYOc6XmPSnm0cW3F/uL90jfA1EkfH16TI4n5PcSWNk7byu1LSUR8i8ha0dWFrMHkX9b76Ih6X1
username testlab privilege 15 role network-admin secret sha512 $6$emh7YIY16uJLWXGR$rpNN3L9JAe6K2eynKi6lcoSUQFm7Uxa6gCRwEOA8FO7adXHv31Xd4PFwybBe3icIsxGHZjQvjEKocceIiMXIc/
username thelabeng privilege 15 role network-admin secret sha512 $6$/D8cGV410nyAUOxm$TvYHuvz9sK3.EWQeT6EiNHVclEa3EOjgYZ6022WCekli1LVLzUHql27CnUV6/NlHL0Mn9qtj8yRL6w58hFSHS0
!
daemon TerminAttr
   exec /usr/bin/TerminAttr -cvaddr=192.168.1.12:9910 -cvauth=token,/tmp/token -cvvrf=MGMT -disableaaa -smashexcludes=ale,flexCounter,hardware,kni,pulse,strata -ingestexclude=/Sysdb/cell/1/agent,/Sysdb/cell/2/agent -taillogs
   no shutdown
!
vlan internal order ascending range 1006 1199
!
transceiver qsfp default-mode 4x10G
!
service routing protocols model multi-agent
!
logging monitor notifications
!
mcs client
   no shutdown
!
hostname C160064-037B381A
!
ptp domain 100
ptp mode boundary
ptp priority1 30
ptp priority2 101
ptp ttl 8
ptp monitor threshold offset-from-master 500
ptp monitor threshold mean-path-delay 2500
!
snmp-server local-interface Loopback0
snmp-server community gt1m3rg3r ro
snmp-server host 202.40.72.61 version 2c gt1m3rg3r
snmp-server host 202.40.73.61 version 2c gt1m3rg3r
!
hardware speed-group4 serdes 10g
!
spanning-tree mode mstp
spanning-tree mst 0 priority 4096
!
system l1
   unsupported speed action error
   unsupported error-correction action error
!
clock timezone America/New_York
!
vrf instance MGMT
!
management api http-commands
   no shutdown
   !
   vrf MGMT
      no shutdown
!
management api gnmi
   transport grpc NRVT
      port 5909
      vrf MGMT
   provider eos-native
!
management api models
   provider macsec
   !
   provider smash
      path bridging
      path ptp
      path routing
!
aaa authorization exec default local
!
interface Ethernet1/1
   description P2P_C160064-037B300A_CSW-SP1_Ethernet5/25/1
   mtu 1500
   no switchport
   ip address 100.83.93.37/31
!
interface Ethernet2/1
   description P2P_C160064-037B300A_CSW-SP1_Ethernet6/25/1
   mtu 1500
   no switchport
   ip address 100.83.93.39/31
!
interface Ethernet3/1
   description P2P_C160064-037B300A_CSW-SP1_Ethernet7/25/1
   mtu 1500
   no switchport
   ip address 100.83.93.41/31
!
interface Ethernet4/1
   description P2P_C160064-037B300A_CSW-SP1_Ethernet8/25/1
   mtu 1500
   no switchport
   ip address 100.83.93.43/31
!
interface Ethernet5/1
   description P2P_C160064-037B300A_CSW-SP2_Ethernet5/25/1
   mtu 1500
   no switchport
   ip address 100.83.93.53/31
!
interface Ethernet6/1
   description P2P_C160064-037B300A_CSW-SP2_Ethernet6/25/1
   mtu 1500
   no switchport
   ip address 100.83.93.55/31
!
interface Ethernet7/1
   description P2P_C160064-037B300A_CSW-SP2_Ethernet7/25/1
   mtu 1500
   no switchport
   ip address 100.83.93.57/31
!
interface Ethernet8/1
   description P2P_C160064-037B300A_CSW-SP2_Ethernet8/25/1
   mtu 1500
   no switchport
   ip address 100.83.93.59/31
!
interface Ethernet9/1
!
interface Ethernet10/1
!
interface Ethernet11/1
!
interface Ethernet12/1
!
interface Ethernet13/1
!
interface Ethernet14/1
!
interface Ethernet15/1
!
interface Ethernet16/1
!
interface Ethernet17/1
!
interface Ethernet18/1
!
interface Ethernet19/1
!
interface Ethernet20/1
!
interface Ethernet21/1
!
interface Ethernet22/1
!
interface Ethernet23/1
!
interface Ethernet24/1
!
interface Ethernet25/1
!
interface Ethernet26/1
!
interface Ethernet27/1
   description P2P_C160064-037B380A_Ethernet27/1
   mtu 1500
   no switchport
   ip address 100.83.93.13/31
!
interface Ethernet28/1
   description P2P_C160064-037B380A_Ethernet28/1
   mtu 1500
   no switchport
   ip address 100.83.93.15/31
!
interface Ethernet29/1
   description P2P_C160064-037B380A_Ethernet29/1
   mtu 1500
   no switchport
   ip address 100.83.93.17/31
!
interface Ethernet30/1
   description P2P_C160064-037B380A_Ethernet30/1
   mtu 1500
   no switchport
   ip address 100.83.93.19/31
!
interface Ethernet31/1
!
interface Ethernet32/1
!
interface Ethernet33/1
   description P2P_C160064-037B100A_Ethernet7/25/1
   mtu 1500
   no switchport
   ip address 100.83.93.25/31
   ptp enable
   ptp announce interval 0
   ptp delay-req interval -3
   ptp sync-message interval -3
!
interface Ethernet34/1
   description P2P_C160064-037B200A_Ethernet7/25/1
   mtu 1500
   no switchport
   ip address 100.83.93.27/31
   ptp enable
   ptp announce interval 0
   ptp delay-req interval -3
   ptp sync-message interval -3
!
interface Ethernet35/1
!
interface Ethernet36/1
!
interface Loopback0
   description ROUTER_ID
   ip address 169.27.195.71/32
!
interface Management1
   description OOB_MANAGEMENT
   vrf MGMT
   ip address 10.176.143.167/27
!
ip access-list standard MGMT-SSH-ACL
   10 permit any
!
ip routing
no ip routing vrf MGMT
!
ip route vrf MGMT 0.0.0.0/0 10.176.143.161
!
ip http client local-interface Management1 vrf MGMT
!
role network-user
   10 deny mode exec command enable|configure|bash|python-shell|\|
   20 permit mode exec command .*
!
router bgp 65214
   bgp asn notation asdot
   router-id 169.27.195.71
   no bgp default ipv4-unicast
   timers bgp 5 15
   distance bgp 20 200 200
   graceful-restart restart-time 300
   graceful-restart
   maximum-paths 128 ecmp 600
   neighbor default send-community
   neighbor P2P-IPv4-eBGP-PEERS peer group
   neighbor P2P-IPv4-eBGP-PEERS password 7 tAFzZuVu4+b6rGq1btvPBg==
   neighbor P2P-IPv4-eBGP-PEERS send-community
   neighbor P2P-IPv4-eBGP-PEERS maximum-routes 12000
   neighbor 100.83.93.12 peer group P2P-IPv4-eBGP-PEERS
   neighbor 100.83.93.12 remote-as 65214
   neighbor 100.83.93.12 description C160064-037B380A
   neighbor 100.83.93.14 peer group P2P-IPv4-eBGP-PEERS
   neighbor 100.83.93.14 remote-as 65214
   neighbor 100.83.93.14 description C160064-037B380A
   neighbor 100.83.93.16 peer group P2P-IPv4-eBGP-PEERS
   neighbor 100.83.93.16 remote-as 65214
   neighbor 100.83.93.16 description C160064-037B380A
   neighbor 100.83.93.18 peer group P2P-IPv4-eBGP-PEERS
   neighbor 100.83.93.18 remote-as 65214
   neighbor 100.83.93.18 description C160064-037B380A
   neighbor 100.83.93.24 peer group P2P-IPv4-eBGP-PEERS
   neighbor 100.83.93.24 remote-as 65210.37100
   neighbor 100.83.93.24 description C160064-037B100A_Ethernet7/25/1
   neighbor 100.83.93.26 peer group P2P-IPv4-eBGP-PEERS
   neighbor 100.83.93.26 remote-as 65211.37200
   neighbor 100.83.93.26 description C160064-037B200A_Ethernet7/25/1
   neighbor 100.83.93.36 peer group P2P-IPv4-eBGP-PEERS
   neighbor 100.83.93.36 remote-as 65212.37300
   neighbor 100.83.93.36 description C160064-037B300A_CSW-SP1
   neighbor 100.83.93.38 peer group P2P-IPv4-eBGP-PEERS
   neighbor 100.83.93.38 remote-as 65212.37300
   neighbor 100.83.93.38 description C160064-037B300A_CSW-SP1
   neighbor 100.83.93.40 peer group P2P-IPv4-eBGP-PEERS
   neighbor 100.83.93.40 remote-as 65212.37300
   neighbor 100.83.93.40 description C160064-037B300A_CSW-SP1
   neighbor 100.83.93.42 peer group P2P-IPv4-eBGP-PEERS
   neighbor 100.83.93.42 remote-as 65212.37300
   neighbor 100.83.93.42 description C160064-037B300A_CSW-SP1
   neighbor 100.83.93.52 peer group P2P-IPv4-eBGP-PEERS
   neighbor 100.83.93.52 remote-as 65212.37300
   neighbor 100.83.93.52 description C160064-037B300A_CSW-SP2
   neighbor 100.83.93.54 peer group P2P-IPv4-eBGP-PEERS
   neighbor 100.83.93.54 remote-as 65212.37300
   neighbor 100.83.93.54 description C160064-037B300A_CSW-SP2
   neighbor 100.83.93.56 peer group P2P-IPv4-eBGP-PEERS
   neighbor 100.83.93.56 remote-as 65212.37300
   neighbor 100.83.93.56 description C160064-037B300A_CSW-SP2
   neighbor 100.83.93.58 peer group P2P-IPv4-eBGP-PEERS
   neighbor 100.83.93.58 remote-as 65212.37300
   neighbor 100.83.93.58 description C160064-037B300A_CSW-SP2
   redistribute connected
   !
   address-family ipv4
      neighbor P2P-IPv4-eBGP-PEERS activate
!
router multicast
   ipv4
      routing
!
management ssh
   ip access-group MGMT-SSH-ACL vrf MGMT in
!
end
