﻿C160064-037B302A#
C160064-037B302A#sh ver
Arista CCS-720XP-48TXH-2C-S-F
Hardware version: 11.00
Serial number: HBG241100C1
Hardware MAC address: c069.1156.394d
System MAC address: c069.1156.394d

Software image version: 4.31.5M
Architecture: x86_64
Internal build version: 4.31.5M-38783521.4315M
Internal build ID: 5e011820-9e64-438a-890f-5626fe5d62a6
Image format version: 3.0
Image optimization: Strata-4GB

Uptime: 20 hours and 7 minutes
Total memory: 8084928 kB
Free memory: 5339064 kB

C160064-037B302A#
C160064-037B302A#sh ip int brief
                                                                        Address
Interface      IP Address           Status    Protocol            MTU   Owner  
-------------- -------------------- --------- ----------------- ------- -------
Management1    10.176.143.130/27    up        up                 1500          
Vlan200        10.93.240.11/24      down      lowerlayerdown     1500          

C160064-037B302A#
C160064-037B302A#sh run
! Command: show running-config
! device: C160064-037B302A (CCS-720XP-48TXH-2C-S, EOS-4.31.5M)
!
! boot system flash:/EOS64-4.31.5M.swi
!
no aaa root
!
username admin privilege 15 role network-admin secret sha512 $6$eucN5ngreuExDgwS$xnD7T8jO..GBDX0DUlp.hn.W7yW94xTjSanqgaQGBzPIhDAsyAl9N4oScHvOMvf07uVBFI4mKMxwdVEUVKgY/.
username avnetuser privilege 0 role network-user secret sha512 $6$l7sHbz6mxuq6peq0$FQjHbRIfcZrdI1Cw7Qs4HhUbFbzmUa.dTleGY95TgzEJgNvHh/TlhzCClknEk634p5nQHn/RFBEjebebU4jxd.
username providius privilege 7 role network-operator secret sha512 $6$BQgcQzmXutC8.k0U$w5Ly4dFtFe9KUYOc6XmPSnm0cW3F/uL90jfA1EkfH16TI4n5PcSWNk7byu1LSUR8i8ha0dWFrMHkX9b76Ih6X1
username testlab privilege 15 role network-admin secret sha512 $6$emh7YIY16uJLWXGR$rpNN3L9JAe6K2eynKi6lcoSUQFm7Uxa6gCRwEOA8FO7adXHv31Xd4PFwybBe3icIsxGHZjQvjEKocceIiMXIc/
username thelabeng privilege 15 role network-admin secret sha512 $6$/D8cGV410nyAUOxm$TvYHuvz9sK3.EWQeT6EiNHVclEa3EOjgYZ6022WCekli1LVLzUHql27CnUV6/NlHL0Mn9qtj8yRL6w58hFSHS0
!
vlan internal order ascending range 1006 1199
!
transceiver qsfp default-mode 4x10G
!
service routing protocols model multi-agent
!
logging monitor notifications
!
hostname C160064-037B302A
!
snmp-server local-interface Loopback0
snmp-server community gt1m3rg3r ro
snmp-server host 202.40.72.61 version 2c gt1m3rg3r
snmp-server host 202.40.73.61 version 2c gt1m3rg3r
!
hardware speed-group4 serdes 10g
!
spanning-tree mode mstp
spanning-tree mst 0 priority 16384
!
system l1
   unsupported speed action error
   unsupported error-correction action error
!
clock timezone America/New_York
!
vlan 100
   name General-AV-Device-Control
!
vlan 101
   name Cerebrum-Out-of-Band
!
vlan 102
   name NMOS-Devices
!
vlan 103
   name Cerebrum-Panels
!
vlan 104
   name Ross-A
!
vlan 105
   name Ross-B
!
vlan 106
   name Misc-37-&-AVTR
!
vlan 107
   name PTZ/Cam-Ctl/Video
!
vlan 108
   name Shure-Wireless-Control
!
vlan 121
   name NDI
!
vlan 131
   name IPMX-A
!
vlan 132
   name IPMX-B
!
vlan 141
   name Barco-3
!
vlan 142
   name Barco-5
!
vlan 143
   name Barco-7
!
vlan 144
   name Barco-9
!
vlan 161
   name KVM
!
vlan 162
   name MegaPixel
!
vlan 163
   name 7th-Sense
!
vlan 164
   name Lighting
!
vlan 181
   name Canvas-Control
!
vlan 200
   name INBAND_MGMT
!
vlan 201
   name NPL-TBD
!
vlan 202
   name DC-Mgt-A/IPMI/iLO/iDRAC
!
vlan 203
   name DC-Mgt-B
!
vlan 204
   name DAS-C&C
!
vlan 205
   name DMF
!
vlan 241
   name Gfx-(tbd)
!
vlan 242
   name Edit-(tbd)
!
vlan 243
   name MAM-(tbd)
!
vlan 244
   name Storage
!
vlan 245
   name Art-Server-10G
!
vlan 261
   name AES67/ICM-A
!
vlan 262
   name AES67/ICM-B
!
vlan 301
   name 37CER-Dante/QLAN-A-W/L-Mics-Zoom
!
vlan 302
   name 37CER-Dante/QLAN-B-W/L-Mics-Zoom
!
vlan 303
   name BGM-Dante/QLAN-A
!
vlan 304
   name BGM-Dante/QLAN-B
!
vlan 305
   name G-Lobby-Dante/QLAN-A
!
vlan 306
   name G-Lobby-Dante/QLAN-B
!
vlan 307
   name 13-AV-Rack-Rm-Dante/QLAN-A
!
vlan 308
   name 13-AV-Rack-Rm-Dante/QLAN-B
!
vlan 309
   name 14-East-AV-Rack-Rm-Dante/QLAN-A
!
vlan 310
   name 14-East-AV-Rack-Rm-Dante/QLAN-B
!
vlan 311
   name 15-Balcony-Dante/QLAN-A
!
vlan 312
   name 15-Balcony-Dante/QLAN-B
!
vlan 313
   name 15-Lg-Flex-Dante/QLAN-A
!
vlan 314
   name 15-Lg-Flex-Dante/QLAN-B
!
vlan 315
   name 15-MPR-Dante/QLAN-A
!
vlan 316
   name 15-MPR-Dante/QLAN-B
!
vlan 317
   name 16-Lg-MPR-Dante/QLAN-A
!
vlan 318
   name 16-Lg-MPR-Dante/QLAN-B
!
vlan 319
   name 16-Med-Flex-1-Dante/QLAN-A
!
vlan 320
   name 16-Med-Flex-1-Dante/QLAN-B
!
vlan 321
   name 16-Med-Flex-2-Dante/QLAN-A
!
vlan 322
   name 16-Med-Flex-2-Dante/QLAN-B
!
vlan 323
   name 16-Med-MPR-Dante/QLAN-A
!
vlan 324
   name 16-Med-MPR-Dante/QLAN-B
!
vlan 325
   name 16-Balcony-Dante/QLAN-A
!
vlan 326
   name 16-Balcony-Dante/QLAN-B
!
vlan 327
   name 17-Lge-Flex-MPR-Dante/QLAN-A
!
vlan 328
   name 17-Lge-Flex-MPR-Dante/QLAN-B
!
vlan 329
   name 47-OC-Dante/QLAN-A
!
vlan 330
   name 47-OC-Dante/QLAN-B
!
vlan 331
   name 48-Reception-Dante/QLAN-A
!
vlan 332
   name 48-Reception-Dante/QLAN-B
!
vlan 333
   name 49-Reception-Dante/QLAN-A
!
vlan 334
   name 49-Reception-Dante/QLAN-B
!
vlan 335
   name 50-Boardroom-Dante/QLAN-A
!
vlan 336
   name 50-Boardroom-Dante/QLAN-B
!
vlan 337
   name 50-Med-MPR-Dante/QLAN-A
!
vlan 338
   name 50-Med-MPR-Dante/QLAN-B
!
vlan 339
   name 50-Reception-Dante/QLAN-A
!
vlan 340
   name 50-Reception-Dante/QLAN-B
!
vlan 341
   name 51-Lg-MPR-Dante/QLAN-A
!
vlan 342
   name 51-Lg-MPR-Dante/QLAN-B
!
vlan 343
   name 56-TOH-Dante/QLAN-A
!
vlan 344
   name 56-TOH-Dante/QLAN-B
!
vlan 1001
   name Dynamic-Parking
!
vrf instance MGMT
!
management api http-commands
   no shutdown
   !
   vrf MGMT
      no shutdown
!
management api gnmi
   transport grpc NRVT
      port 5909
      vrf MGMT
   provider eos-native
!
management api models
   provider macsec
   !
   provider smash
      path bridging
      path ptp
      path routing
!
aaa authorization serial-console
aaa authorization exec default local
aaa authorization commands all default local
!
interface Port-Channel10
   description L2_SPINES_Port-Channel11
   switchport trunk allowed vlan 100-108,121,131-132,141-144,161-164,181,200-205,241-245,261-262,301-344,1001
   switchport mode trunk
!
interface Ethernet1
!
interface Ethernet2
!
interface Ethernet3
!
interface Ethernet4
!
interface Ethernet5
!
interface Ethernet6
!
interface Ethernet7
!
interface Ethernet8
!
interface Ethernet9
!
interface Ethernet10
!
interface Ethernet11
!
interface Ethernet12
!
interface Ethernet13
!
interface Ethernet14
!
interface Ethernet15
!
interface Ethernet16
!
interface Ethernet17
!
interface Ethernet18
!
interface Ethernet19
!
interface Ethernet20
!
interface Ethernet21
!
interface Ethernet22
!
interface Ethernet23
!
interface Ethernet24
!
interface Ethernet25
!
interface Ethernet26
!
interface Ethernet27
!
interface Ethernet28
!
interface Ethernet29
!
interface Ethernet30
!
interface Ethernet31
!
interface Ethernet32
!
interface Ethernet33
!
interface Ethernet34
!
interface Ethernet35
!
interface Ethernet36
!
interface Ethernet37
!
interface Ethernet38
!
interface Ethernet39
!
interface Ethernet40
!
interface Ethernet41
!
interface Ethernet42
!
interface Ethernet43
!
interface Ethernet44
!
interface Ethernet45
!
interface Ethernet46
!
interface Ethernet47
!
interface Ethernet48
!
interface Ethernet49
!
interface Ethernet50
!
interface Ethernet51
!
interface Ethernet52
!
interface Ethernet53/1
   description L2_C160064-037B300A_Ethernet3/1/1
   channel-group 10 mode active
!
interface Ethernet54/1
   description L2_C160064-037B301A_Ethernet3/1/1
   channel-group 10 mode active
!
interface Management1
   description OOB_MANAGEMENT
   vrf MGMT
   ip address 10.176.143.130/27
!
interface Vlan200
   description Inband Management
   mtu 1500
   ip address 10.93.240.11/24
!
ip access-list standard MGMT-SSH-ACL
   10 permit any
!
no ip routing
no ip routing vrf MGMT
!
ip route 0.0.0.0/0 10.93.240.1
ip route vrf MGMT 0.0.0.0/0 10.176.143.129
!
role network-user
   10 deny mode exec command enable|configure|bash|python-shell|\|
   20 permit mode exec command .*
!
management ssh
   ip access-group MGMT-SSH-ACL vrf MGMT in
!
end
C160064-037B302A#
C160064-037B302A#exit

