﻿C160064-037B370A#
C160064-037B370A#sh ver
Arista DCS-7280SR3-48YC8-F
Hardware version: 12.12
Serial number: JPA2416P3HN
Hardware MAC address: 688b.f456.b0f1
System MAC address: 688b.f456.b0f1

Software image version: 4.31.5M
Architecture: x86_64
Internal build version: 4.31.5M-38783521.4315M
Internal build ID: 5e011820-9e64-438a-890f-5626fe5d62a6
Image format version: 3.0
Image optimization: Default

Uptime: 20 hours and 6 minutes
Total memory: 8099732 kB
Free memory: 4579464 kB

C160064-037B370A#
C160064-037B370A#
C160064-037B370A#sh ip int brief
                                                                        Address
Interface       IP Address           Status    Protocol           MTU   Owner  
--------------- -------------------- --------- -------------- --------- -------
Ethernet49/1    100.83.93.5/31       down      notpresent        1500          
Ethernet50/1    100.83.93.7/31       down      notpresent        1500          
Ethernet51/1    100.83.93.61/31      down      notpresent        1500          
Ethernet52/1    100.83.93.65/31      down      notpresent        1500          
Ethernet55/1    100.83.93.0/31       down      notpresent        1500          
Ethernet56/1    100.83.93.2/31       down      notpresent        1500          
Loopback0       169.27.195.72/32     up        up               65535          
Management1     10.176.143.137/27    up        up                1500          

C160064-037B370A#
C160064-037B370A#
C160064-037B370A#
C160064-037B370A#sh run 
! Command: show running-config
! device: C160064-037B370A (DCS-7280SR3-48YC8, EOS-4.31.5M)
!
! boot system flash:/EOS64-4.31.5M.swi
!
no aaa root
!
username admin privilege 15 role network-admin secret sha512 $6$eucN5ngreuExDgwS$xnD7T8jO..GBDX0DUlp.hn.W7yW94xTjSanqgaQGBzPIhDAsyAl9N4oScHvOMvf07uVBFI4mKMxwdVEUVKgY/.
username avnetuser privilege 0 role network-user secret sha512 $6$l7sHbz6mxuq6peq0$FQjHbRIfcZrdI1Cw7Qs4HhUbFbzmUa.dTleGY95TgzEJgNvHh/TlhzCClknEk634p5nQHn/RFBEjebebU4jxd.
username providius privilege 7 role network-operator secret sha512 $6$BQgcQzmXutC8.k0U$w5Ly4dFtFe9KUYOc6XmPSnm0cW3F/uL90jfA1EkfH16TI4n5PcSWNk7byu1LSUR8i8ha0dWFrMHkX9b76Ih6X1
username testlab privilege 15 role network-admin secret sha512 $6$emh7YIY16uJLWXGR$rpNN3L9JAe6K2eynKi6lcoSUQFm7Uxa6gCRwEOA8FO7adXHv31Xd4PFwybBe3icIsxGHZjQvjEKocceIiMXIc/
username thelabeng privilege 15 role network-admin secret sha512 $6$/D8cGV410nyAUOxm$TvYHuvz9sK3.EWQeT6EiNHVclEa3EOjgYZ6022WCekli1LVLzUHql27CnUV6/NlHL0Mn9qtj8yRL6w58hFSHS0
!
daemon TerminAttr
   exec /usr/bin/TerminAttr -cvaddr=192.168.1.12:9910 -cvauth=token,/tmp/token -cvvrf=MGMT -disableaaa -smashexcludes=ale,flexCounter,hardware,kni,pulse,strata -ingestexclude=/Sysdb/cell/1/agent,/Sysdb/cell/2/agent -taillogs
   no shutdown
!
vlan internal order ascending range 1006 1199
!
transceiver qsfp default-mode 4x10G
!
service routing protocols model multi-agent
!
logging monitor notifications
!
mcs client
   no shutdown
!
hostname C160064-037B370A
!
ptp domain 100
ptp mode boundary
ptp priority1 10
ptp priority2 101
ptp ttl 8
ptp monitor threshold offset-from-master 500
ptp monitor threshold mean-path-delay 2500
!
snmp-server local-interface Loopback0
snmp-server community gt1m3rg3r ro
snmp-server host 202.40.72.61 version 2c gt1m3rg3r
snmp-server host 202.40.73.61 version 2c gt1m3rg3r
!
hardware speed-group4 serdes 10g
!
spanning-tree mode mstp
spanning-tree mst 0 priority 4096
!
system l1
   unsupported speed action error
   unsupported error-correction action error
!
clock timezone America/New_York
!
vrf instance MGMT
!
management api http-commands
   no shutdown
   !
   vrf MGMT
      no shutdown
!
management api gnmi
   transport grpc NRVT
      port 5909
      vrf MGMT
   provider eos-native
!
management api models
   provider macsec
   !
   provider smash
      path bridging
      path ptp
      path routing
!
aaa authorization exec default local
!
interface Ethernet1
!
interface Ethernet2
!
interface Ethernet3
!
interface Ethernet4
!
interface Ethernet5
!
interface Ethernet6
!
interface Ethernet7
!
interface Ethernet8
!
interface Ethernet9
!
interface Ethernet10
!
interface Ethernet11
!
interface Ethernet12
!
interface Ethernet13
!
interface Ethernet14
!
interface Ethernet15
!
interface Ethernet16
!
interface Ethernet17
!
interface Ethernet18
!
interface Ethernet19
!
interface Ethernet20
!
interface Ethernet21
!
interface Ethernet22
!
interface Ethernet23
!
interface Ethernet24
!
interface Ethernet25
!
interface Ethernet26
!
interface Ethernet27
!
interface Ethernet28
!
interface Ethernet29
!
interface Ethernet30
!
interface Ethernet31
!
interface Ethernet32
!
interface Ethernet33
!
interface Ethernet34
!
interface Ethernet35
!
interface Ethernet36
!
interface Ethernet37
!
interface Ethernet38
!
interface Ethernet39
!
interface Ethernet40
!
interface Ethernet41
!
interface Ethernet42
!
interface Ethernet43
!
interface Ethernet44
!
interface Ethernet45
!
interface Ethernet46
!
interface Ethernet47
!
interface Ethernet48
!
interface Ethernet49/1
   description P2P_C160064-037B100A_Ethernet3/32/1
   mtu 1500
   no switchport
   ip address 100.83.93.5/31
   ptp enable
   ptp announce interval 0
   ptp delay-req interval -3
   ptp sync-message interval -3
!
interface Ethernet50/1
   description P2P_C160064-037B200A_Ethernet3/32/1
   mtu 1500
   no switchport
   ip address 100.83.93.7/31
   ptp enable
   ptp announce interval 0
   ptp delay-req interval -3
   ptp sync-message interval -3
!
interface Ethernet51/1
   description P2P_C160064-037B300A_CSW-SP1_Ethernet3/31/1
   mtu 1500
   no switchport
   ip address 100.83.93.61/31
!
interface Ethernet52/1
   description P2P_C160064-037B301A_CSW-SP2_Ethernet3/31/1
   mtu 1500
   no switchport
   ip address 100.83.93.65/31
!
interface Ethernet53/1
!
interface Ethernet54/1
!
interface Ethernet55/1
   description P2P_C160064-037B371A_Ethernet55/1
   mtu 1500
   no switchport
   ip address 100.83.93.0/31
!
interface Ethernet56/1
   description P2P_C160064-037B371A_Ethernet56/1
   mtu 1500
   no switchport
   ip address 100.83.93.2/31
!
interface Loopback0
   description ROUTER_ID
   ip address 169.27.195.72/32
!
interface Management1
   description OOB_MANAGEMENT
   vrf MGMT
   ip address 10.176.143.137/27
!
ip access-list standard MGMT-SSH-ACL
   10 permit any
!
ip routing
no ip routing vrf MGMT
!
ip route vrf MGMT 0.0.0.0/0 10.176.143.129
!
ip http client local-interface Management1 vrf MGMT
!
role network-user
   10 deny mode exec command enable|configure|bash|python-shell|\|
   20 permit mode exec command .*
!
router bgp 65213.37370
   bgp asn notation asdot
   router-id 169.27.195.72
   no bgp default ipv4-unicast
   timers bgp 5 15
   distance bgp 20 200 200
   graceful-restart restart-time 300
   graceful-restart
   maximum-paths 128 ecmp 600
   neighbor default send-community
   neighbor P2P-IPv4-eBGP-PEERS peer group
   neighbor P2P-IPv4-eBGP-PEERS password 7 tAFzZuVu4+b6rGq1btvPBg==
   neighbor P2P-IPv4-eBGP-PEERS send-community
   neighbor P2P-IPv4-eBGP-PEERS maximum-routes 12000
   neighbor 100.83.93.1 peer group P2P-IPv4-eBGP-PEERS
   neighbor 100.83.93.1 remote-as 65213.37370
   neighbor 100.83.93.1 description C160064-037B371A
   neighbor 100.83.93.3 peer group P2P-IPv4-eBGP-PEERS
   neighbor 100.83.93.3 remote-as 65213.37370
   neighbor 100.83.93.3 description C160064-037B371A
   neighbor 100.83.93.4 peer group P2P-IPv4-eBGP-PEERS
   neighbor 100.83.93.4 remote-as 65210.37100
   neighbor 100.83.93.4 description C160064-037B100A_Ethernet3/32/1
   neighbor 100.83.93.6 peer group P2P-IPv4-eBGP-PEERS
   neighbor 100.83.93.6 remote-as 65211.37200
   neighbor 100.83.93.6 description C160064-037B200A_Ethernet3/32/1
   neighbor 100.83.93.60 peer group P2P-IPv4-eBGP-PEERS
   neighbor 100.83.93.60 remote-as 65212.37300
   neighbor 100.83.93.60 description C160064-037B300A_CSW-SP1
   neighbor 100.83.93.64 peer group P2P-IPv4-eBGP-PEERS
   neighbor 100.83.93.64 remote-as 65212.37300
   neighbor 100.83.93.64 description C160064-037B301A_CSW-SP2
   redistribute connected
   !
   address-family ipv4
      neighbor P2P-IPv4-eBGP-PEERS activate
!
router multicast
   ipv4
      routing
!
management ssh
   ip access-group MGMT-SSH-ACL vrf MGMT in
!
end
C160064-037B370A#exit

