﻿C160064-037B371A#
C160064-037B371A#sh ver
Arista DCS-7280SR3-48YC8-F
Hardware version: 12.12
Serial number: JPA2416P3JA
Hardware MAC address: 688b.f456.ad6b
System MAC address: 688b.f456.ad6b

Software image version: 4.31.5M
Architecture: x86_64
Internal build version: 4.31.5M-38783521.4315M
Internal build ID: 5e011820-9e64-438a-890f-5626fe5d62a6
Image format version: 3.0
Image optimization: Default

Uptime: 16 hours and 39 minutes
Total memory: 8099732 kB
Free memory: 4597468 kB

C160064-037B371A#
C160064-037B371A#sh mod
  module  not supported on this hardware platform

C160064-037B371A#sh mod
% Unavailable command (not supported on this hardware platform)
C160064-037B371A#sh inventory 
System information
  Model                    Description                                         
  ------------------------ ----------------------------------------------------
  DCS-7280SR3-48YC8        48x25GbE (SFP) & 8x100GbE (QSFP) Ethernet Switch    

  HW Version  Serial Number  Mfg Date   Epoch
  ----------- -------------- ---------- -----
  12.12       JPA2416P3JA    2024-04-22 01.00

System has 2 power supply slots
  Slot Model            Serial Number   
  ---- ---------------- ----------------
  1    PWR-511-AC-RED   EEWT2414208213  
  2    PWR-511-AC-RED   EEWT2414208255  

System has 2 fan modules
  Module  Number of Fans  Model            Serial Number   
  ------- --------------- ---------------- ----------------
  1       2               FAN-7011M-F      N/A             
  2       2               FAN-7011M-F      N/A             

System has 81 ports
  Type               Count
  ------------------ ----
  Management         1   
  Switched           76  
  SwitchedBootstrap  4   

System has 56 switched transceiver slots
  Port Manufacturer     Model            Serial Number    Rev 
  ---- ---------------- ---------------- ---------------- ----
  1    Not Present                                            
  2    Not Present                                            
  3    Not Present                                            
  4    Not Present                                            
  5    Not Present                                            
  6    Not Present                                            
  7    Not Present                                            
  8    Not Present                                            
  9    Not Present                                            
  10   Not Present                                            
  11   Not Present                                            
  12   Not Present                                            
  13   Not Present                                            
  14   Not Present                                            
  15   Not Present                                            
  16   Not Present                                            
  17   Not Present                                            
  18   Not Present                                            
  19   Not Present                                            
  20   Not Present                                            
  21   Not Present                                            
  22   Not Present                                            
  23   Not Present                                            
  24   Not Present                                            
  25   Not Present                                            
  26   Not Present                                            
  27   Not Present                                            
  28   Not Present                                            
  29   Not Present                                            
  30   Not Present                                            
  31   Not Present                                            
  32   Not Present                                            
  33   Not Present                                            
  34   Not Present                                            
  35   Not Present                                            
  36   Not Present                                            
  37   Not Present                                            
  38   Not Present                                            
  39   Not Present                                            
  40   Not Present                                            
  41   Not Present                                            
  42   Not Present                                            
  43   Not Present                                            
  44   Not Present                                            
  45   Not Present                                            
  46   Not Present                                            
  47   Not Present                                            
  48   Not Present                                            
  49   Not Present                                            
  50   Not Present                                            
  51   Not Present                                            
  52   Not Present                                            
  53   Not Present                                            
  54   Not Present                                            
  55   Not Present                                            
  56   Not Present                                            

System has 1 storage device
  Mount      Type Model          Serial Number Rev Size (GB)
  ---------- ---- -------------- ------------- --- ---------
  /mnt/flash eMMC Toshiba 016GB0 80db8e8b      0.0 8        

C160064-037B371A#
C160064-037B371A#
C160064-037B371A#sh ip int brief
                                                                        Address
Interface       IP Address           Status    Protocol           MTU   Owner  
--------------- -------------------- --------- -------------- --------- -------
Ethernet49/1    100.83.93.9/31       down      notpresent        1500          
Ethernet50/1    100.83.93.11/31      down      notpresent        1500          
Ethernet51/1    100.83.93.63/31      down      notpresent        1500          
Ethernet52/1    100.83.93.67/31      down      notpresent        1500          
Ethernet55/1    100.83.93.1/31       down      notpresent        1500          
Ethernet56/1    100.83.93.3/31       down      notpresent        1500          
Loopback0       169.27.195.73/32     up        up               65535          
Management1     10.176.143.166/27    up        up                1500          

C160064-037B371A#
C160064-037B371A#
C160064-037B371A#sh run
! Command: show running-config
! device: C160064-037B371A (DCS-7280SR3-48YC8, EOS-4.31.5M)
!
! boot system flash:/EOS64-4.31.5M.swi
!
no aaa root
!
username admin privilege 15 role network-admin secret sha512 $6$eucN5ngreuExDgwS$xnD7T8jO..GBDX0DUlp.hn.W7yW94xTjSanqgaQGBzPIhDAsyAl9N4oScHvOMvf07uVBFI4mKMxwdVEUVKgY/.
username avnetuser privilege 0 role network-user secret sha512 $6$l7sHbz6mxuq6peq0$FQjHbRIfcZrdI1Cw7Qs4HhUbFbzmUa.dTleGY95TgzEJgNvHh/TlhzCClknEk634p5nQHn/RFBEjebebU4jxd.
username providius privilege 7 role network-operator secret sha512 $6$BQgcQzmXutC8.k0U$w5Ly4dFtFe9KUYOc6XmPSnm0cW3F/uL90jfA1EkfH16TI4n5PcSWNk7byu1LSUR8i8ha0dWFrMHkX9b76Ih6X1
username testlab privilege 15 role network-admin secret sha512 $6$emh7YIY16uJLWXGR$rpNN3L9JAe6K2eynKi6lcoSUQFm7Uxa6gCRwEOA8FO7adXHv31Xd4PFwybBe3icIsxGHZjQvjEKocceIiMXIc/
username thelabeng privilege 15 role network-admin secret sha512 $6$/D8cGV410nyAUOxm$TvYHuvz9sK3.EWQeT6EiNHVclEa3EOjgYZ6022WCekli1LVLzUHql27CnUV6/NlHL0Mn9qtj8yRL6w58hFSHS0
!
daemon TerminAttr
   exec /usr/bin/TerminAttr -cvaddr=192.168.1.12:9910 -cvauth=token,/tmp/token -cvvrf=MGMT -disableaaa -smashexcludes=ale,flexCounter,hardware,kni,pulse,strata -ingestexclude=/Sysdb/cell/1/agent,/Sysdb/cell/2/agent -taillogs
   no shutdown
!
vlan internal order ascending range 1006 1199
!
transceiver qsfp default-mode 4x10G
!
service routing protocols model multi-agent
!
logging monitor notifications
!
mcs client
   no shutdown
!
hostname C160064-037B371A
!
ptp domain 100
ptp mode boundary
ptp priority1 10
ptp priority2 102
ptp ttl 8
ptp monitor threshold offset-from-master 500
ptp monitor threshold mean-path-delay 2500
!
snmp-server local-interface Loopback0
snmp-server community gt1m3rg3r ro
snmp-server host 202.40.72.61 version 2c gt1m3rg3r
snmp-server host 202.40.73.61 version 2c gt1m3rg3r
!
hardware speed-group4 serdes 10g
!
spanning-tree mode mstp
spanning-tree mst 0 priority 4096
!
system l1
   unsupported speed action error
   unsupported error-correction action error
!
clock timezone America/New_York
!
vrf instance MGMT
!
management api http-commands
   no shutdown
   !
   vrf MGMT
      no shutdown
!
management api gnmi
   transport grpc NRVT
      port 5909
      vrf MGMT
   provider eos-native
!
management api models
   provider macsec
   !
   provider smash
      path bridging
      path ptp
      path routing
!
aaa authorization exec default local
!
interface Ethernet1
!
interface Ethernet2
!
interface Ethernet3
!
interface Ethernet4
!
interface Ethernet5
!
interface Ethernet6
!
interface Ethernet7
!
interface Ethernet8
!
interface Ethernet9
!
interface Ethernet10
!
interface Ethernet11
!
interface Ethernet12
!
interface Ethernet13
!
interface Ethernet14
!
interface Ethernet15
!
interface Ethernet16
!
interface Ethernet17
!
interface Ethernet18
!
interface Ethernet19
!
interface Ethernet20
!
interface Ethernet21
!
interface Ethernet22
!
interface Ethernet23
!
interface Ethernet24
!
interface Ethernet25
!
interface Ethernet26
!
interface Ethernet27
!
interface Ethernet28
!
interface Ethernet29
!
interface Ethernet30
!
interface Ethernet31
!
interface Ethernet32
!
interface Ethernet33
!
interface Ethernet34
!
interface Ethernet35
!
interface Ethernet36
!
interface Ethernet37
!
interface Ethernet38
!
interface Ethernet39
!
interface Ethernet40
!
interface Ethernet41
!
interface Ethernet42
!
interface Ethernet43
!
interface Ethernet44
!
interface Ethernet45
!
interface Ethernet46
!
interface Ethernet47
!
interface Ethernet48
!
interface Ethernet49/1
   description P2P_C160064-037B100A_Ethernet4/32/1
   mtu 1500
   no switchport
   ip address 100.83.93.9/31
   ptp enable
   ptp announce interval 0
   ptp delay-req interval -3
   ptp sync-message interval -3
!
interface Ethernet50/1
   description P2P_C160064-037B200A_Ethernet4/32/1
   mtu 1500
   no switchport
   ip address 100.83.93.11/31
   ptp enable
   ptp announce interval 0
   ptp delay-req interval -3
   ptp sync-message interval -3
!
interface Ethernet51/1
   description P2P_C160064-037B300A_CSW-SP1_Ethernet4/31/1
   mtu 1500
   no switchport
   ip address 100.83.93.63/31
!
interface Ethernet52/1
   description P2P_C160064-037B301A_CSW-SP2_Ethernet4/31/1
   mtu 1500
   no switchport
   ip address 100.83.93.67/31
!
interface Ethernet53/1
!
interface Ethernet54/1
!
interface Ethernet55/1
   description P2P_C160064-037B370A_Ethernet55/1
   mtu 1500
   no switchport
   ip address 100.83.93.1/31
!
interface Ethernet56/1
   description P2P_C160064-037B370A_Ethernet56/1
   mtu 1500
   no switchport
   ip address 100.83.93.3/31
!
interface Loopback0
   description ROUTER_ID
   ip address 169.27.195.73/32
!
interface Management1
   description OOB_MANAGEMENT
   vrf MGMT
   ip address 10.176.143.166/27
!
ip access-list standard MGMT-SSH-ACL
   10 permit any
!
ip routing
no ip routing vrf MGMT
!
ip route vrf MGMT 0.0.0.0/0 10.176.143.161
!
ip http client local-interface Management1 vrf MGMT
!
role network-user
   10 deny mode exec command enable|configure|bash|python-shell|\|
   20 permit mode exec command .*
!
router bgp 65213.37370
   bgp asn notation asdot
   router-id 169.27.195.73
   no bgp default ipv4-unicast
   timers bgp 5 15
   distance bgp 20 200 200
   graceful-restart restart-time 300
   graceful-restart
   maximum-paths 128 ecmp 600
   neighbor default send-community
   neighbor P2P-IPv4-eBGP-PEERS peer group
   neighbor P2P-IPv4-eBGP-PEERS password 7 tAFzZuVu4+b6rGq1btvPBg==
   neighbor P2P-IPv4-eBGP-PEERS send-community
   neighbor P2P-IPv4-eBGP-PEERS maximum-routes 12000
   neighbor 100.83.93.0 peer group P2P-IPv4-eBGP-PEERS
   neighbor 100.83.93.0 remote-as 65213.37370
   neighbor 100.83.93.0 description C160064-037B370A
   neighbor 100.83.93.2 peer group P2P-IPv4-eBGP-PEERS
   neighbor 100.83.93.2 remote-as 65213.37370
   neighbor 100.83.93.2 description C160064-037B370A
   neighbor 100.83.93.8 peer group P2P-IPv4-eBGP-PEERS
   neighbor 100.83.93.8 remote-as 65210.37100
   neighbor 100.83.93.8 description C160064-037B100A_Ethernet4/32/1
   neighbor 100.83.93.10 peer group P2P-IPv4-eBGP-PEERS
   neighbor 100.83.93.10 remote-as 65211.37200
   neighbor 100.83.93.10 description C160064-037B200A_Ethernet4/32/1
   neighbor 100.83.93.62 peer group P2P-IPv4-eBGP-PEERS
   neighbor 100.83.93.62 remote-as 65212.37300
   neighbor 100.83.93.62 description C160064-037B300A_CSW-SP1
   neighbor 100.83.93.66 peer group P2P-IPv4-eBGP-PEERS
   neighbor 100.83.93.66 remote-as 65212.37300
   neighbor 100.83.93.66 description C160064-037B301A_CSW-SP2
   redistribute connected
   !
   address-family ipv4
      neighbor P2P-IPv4-eBGP-PEERS activate
!
router multicast
   ipv4
      routing
!
management ssh
   ip access-group MGMT-SSH-ACL vrf MGMT in
!
end
